bemvindoaociti.com.br - https://www.citibank.com.br/bemvindo/index.html?nome=undefined
bemvindoaocitibank.com.br - https://www.citibank.com.br/bemvindo/indexblue.html?nome=undefined

bancocitibank.b.br - https://www.citibank.com.br/BRGCB/JPS/portal/Index.do
citi.b.br - https://www.citibank.com.br/BRGCB/JPS/portal/Index.do
citi.com.br - https://www.citibank.com.br/BRGCB/JPS/portal/Index.do
citi.eco.br - https://www.citibank.com.br/BRGCB/JPS/portal/Index.do
citibank.b.br - https://www.citibank.com.br/BRGCB/JPS/portal/Index.do
citibank.com.br - https://www.citibank.com.br/BRGCB/JPS/portal/Index.do
citibank.eco.br - https://www.citibank.com.br/BRGCB/JPS/portal/Index.do
citigoldprivateclient.com.br - https://www.citibank.com.br/BRGCB/JPS/portal/Index.do

citigold.com.br - Domain does not exist.
citimobile.com.br - https://www.citibank.com.br/citi-para-voce/movimentar-sua-conta/citi-mobile.html
citipriority.com.br - https://www.citibank.com.br/citipriority/
citiworldprivileges.com.br - https://www.citibank.com.br/privileges/
https://corporate.brazil.citibank.com - Access denied - HTTP 403.




www.bancocitibank.b.br - Invalid URL - The requested URL "[no URL]", is invalid. - HTTP 400
www.bemvindoaociti.com.br - Invalid URL - The requested URL "[no URL]", is invalid. - HTTP 400
www.bemvindoaocitibank.com.br - Invalid URL - The requested URL "[no URL]", is invalid. - HTTP 400
www.citi.b.br - Invalid URL - The requested URL "[no URL]", is invalid. - HTTP 400
www.citi.com.br - https://www.citibank.com.br/BRGCB/JPS/portal/Index.do
https://www.citi.com.br - Access denied - HTTP 403.
www.citi.eco.br - Invalid URL - The requested URL "[no URL]", is invalid. - HTTP 400
www.citibank.b.br - Invalid URL - The requested URL "[no URL]", is invalid. - HTTP 400
www.citibank.com.br - https://www.citibank.com.br/BRGCB/JPS/portal/Index.do
www.citibank.eco.br - Invalid URL - The requested URL "[no URL]", is invalid. - HTTP 400
www.citigold.com.br - Domain does not exist.
www.citigoldprivateclient.com.br - Invalid URL - The requested URL "[no URL]", is invalid. - HTTP 400
www.citimobile.com.br - Invalid URL - The requested URL "[no URL]", is invalid. - HTTP 400
www.citipriority.com.br - Invalid URL - The requested URL "[no URL]", is invalid. - HTTP 400
www.citiworldprivileges.com.br - Invalid URL - The requested URL "[no URL]", is invalid. - HTTP 400
