http://bancocitibank.b.br
http://bemvindoaociti.com.br
http://bemvindoaocitibank.com.br
http://citi.b.br
http://citi.com.br
http://citi.eco.br
http://citibank.b.br
http://citibank.com.br
http://citibank.eco.br
http://citigold.com.br
http://citigoldprivateclient.com.br
http://citimobile.com.br
http://citipriority.com.br
http://citiworldprivileges.com.br
http://corporate.brazil.citibank.com
http://diners.com.br
http://dinersclub.com.br
http://dinersclubbrasil.com.br
http://dinersnovo.com.br
http://www.bancocitibank.b.br
http://www.bemvindoaociti.com.br
http://www.bemvindoaocitibank.com.br
http://www.citi.b.br
http://www.citi.com.br
http://www.citi.eco.br
http://www.citibank.b.br
http://www.citibank.com.br
http://www.citibank.eco.br
http://www.citigold.com.br
http://www.citigoldprivateclient.com.br
http://www.citimobile.com.br
http://www.citipriority.com.br
http://www.citiworldprivileges.com.br
http://www.corporate.brazil.citibank.com
http://www.diners.com.br
http://www.dinersclub.com.br
http://www.dinersclubbrasil.com.br
http://www.dinersnovo.com.br
https://bancocitibank.b.br
https://bemvindoaociti.com.br
https://bemvindoaocitibank.com.br
https://citi.b.br
https://citi.com.br
https://citi.eco.br
https://citibank.b.br
https://citibank.com.br
https://citibank.eco.br
https://citigold.com.br
https://citigoldprivateclient.com.br
https://citimobile.com.br
https://citipriority.com.br
https://citiworldprivileges.com.br
https://corporate.brazil.citibank.com
https://diners.com.br
https://dinersclub.com.br
https://dinersclubbrasil.com.br
https://dinersnovo.com.br
https://dinersnovo.com.br/comparativo-viagem/index.html
https://dinersnovo.com.br/index.htm
https://dinersnovo.com.br/index.html
https://dinersnovo.com.br/viagem/index.html
https://www.bancocitibank.b.br
https://www.bemvindoaociti.com.br
https://www.bemvindoaocitibank.com.br
https://www.citi.b.br
https://www.citi.com.br
https://www.citi.com.br/boletos
https://www.citi.eco.br
https://www.citibank.b.br
https://www.citibank.com.br
https://www.citibank.com.br/agenciadigital/index.html
https://www.citibank.com.br/ajuda/index.html
https://www.citibank.com.br/blog/
https://www.citibank.com.br/boletos
https://www.citibank.com.br/brasil/labr/portugue/citigrup
https://www.citibank.com.br/brasil_repl/cartoescorporativos/seguros-e-assistencias/tratado-de-schengen.htm
https://www.citibank.com.br/cambio/cash_passport_citi_mastercard.html
https://www.citibank.com.br/cambio/ordem_de_pagamento
https://www.citibank.com.br/cartoes/alertas_sms.html
https://www.citibank.com.br/cartoes/aumento_credito.html
https://www.citibank.com.br/cartoes/cartao_adicional.html
https://www.citibank.com.br/cartoes/cartoes_de_cr
https://www.citibank.com.br/cartoes/cartoes_de_credito/aadvantage.html.Credicardcitibr
https://www.citibank.com.br/cartoes/cartoes_de_credito/aadvantage.html.Falando
https://www.citibank.com.br/cartoes/cartoes_de_credito/aadvantage1.html
https://www.citibank.com.br/cartoes/cartoes_de_credito/Despesas_nao_reconhecidas.html
https://www.citibank.com.br/cartoes/codigo_acesso.html
https://www.citibank.com.br/cartoes/credito_pessoal.html
https://www.citibank.com.br/cartoes/fatura_por_e-mail.html
https://www.citibank.com.br/cartoes/fatura_por_e-mail.html?icamp=pre_blue_bannerhome2_faturaporemail_marco_animado_web
https://www.citibank.com.br/cartoes/fatura_por_e-mail.html?icamp=pre_blue_bannermegamenu_fatura_fevereiro_arvore
https://www.citibank.com.br/cartoes/fatura_por_e-mail.html?icamp=pre_none_bannerhome2_faturaporemail_junho_casalcomlaptop_web
https://www.citibank.com.br/cartoes/fatura_por_e-mail.html?icamp=pre_none_bannerhome4_faturaporemail_estatico_casalcomlaptop_web
https://www.citibank.com.br/cartoes/offer_crediario_especial.html
https://www.citibank.com.br/cartoes/parcelamento_fatura.html
https://www.citibank.com.br/cartoes/parcelamento_fatura.html?icamp=pre_blue_bannerhome4_cartaocredito_fimdeano_sorriso
https://www.citibank.com.br/cartoes/regularizacao_de_faturas_em_atraso.html
https://www.citibank.com.br/cartoes/servicos/aumento_limite-credito.html
https://www.citibank.com.br/cartoes/servicos/desbloqueio-do-cartao-de-credito.html
https://www.citibank.com.br/cartoes/servicos/fatura-do-cartao-de-credito.html
https://www.citibank.com.br/cartoescorporativos/ajuda/empresa-cliente.htm
https://www.citibank.com.br/cartoescorporativos/ajuda/index.htm
https://www.citibank.com.br/cartoescorporativos/ajuda/utilizar-segassist.htm
https://www.citibank.com.br/cartoescorporativos/como-adquirir/solicite-visita.htm
https://www.citibank.com.br/cartoescorporativos/simulador/swf/cartoes/corporate.htm
https://www.citibank.com.br/cartoescorporativos/simulador/swf/cartoes/cta.htm
https://www.citibank.com.br/citigold/accounts/atendimento/agencias.htm
https://www.citibank.com.br/citigold/accounts/atendimento/citiphone.htm
https://www.citibank.com.br/citigold/accounts/servint/bankcard.htm
https://www.citibank.com.br/citigold/accounts/servint/bankcard/promocoes.htm
https://www.citibank.com.br/citigold/credcards/aa/aagold.htm
https://www.citibank.com.br/citigold/credcards/cl/clinter.htm
https://www.citibank.com.br/citigold/credcards/masterblack.htm
https://www.citibank.com.br/citigold/emprestimos/credimobil.htm
https://www.citibank.com.br/citigold/footer.htm
https://www.citibank.com.br/citigold/header.htm
https://www.citibank.com.br/citigold/insurance/portatil.htm
https://www.citibank.com.br/citigold/insurance/reside/homeprotect.htm
https://www.citibank.com.br/citigold/invest/cdb/cdb.htm
https://www.citibank.com.br/citigold/invest/fundos/camb/refdol.htm
https://www.citibank.com.br/citigold/invest/fundos/multi/mulala1.htm
https://www.citibank.com.br/citigold/invest/howto/simulador/simulador.htm
https://www.citibank.com.br/citigold/invest/userguide/guide.htm
https://www.citibank.com.br/citigold/maisciti
https://www.citibank.com.br/citigold/programa_de_relacionamento.html
https://www.citibank.com.br/citigold/resources/offerpages/punta.htm
https://www.citibank.com.br/citigold/resources/popup/listadocumentos.htm
https://www.citibank.com.br/citi-para-voce/movimentar-sua-conta/aplicativos-citi.html
https://www.citibank.com.br/conta_corrente/tarifas_citibank/tarifas.html
https://www.citibank.com.br/credito/credito-imobiliario/credito-garantia-imovel/credito-construcao.html
https://www.citibank.com.br/financiamentos/cred_finanimovel.html
https://www.citibank.com.br/financiamentos/credito_imobiliario/comercial.html
https://www.citibank.com.br/financiamentos/credito_imobiliario/financiamento_com_garantia_de_imovel/simulador-credito-garantia-imovel.html
https://www.citibank.com.br/financiamentos/credito_imobiliario/residencia.html
https://www.citibank.com.br/financiamentos/credito_imobiliario/simulador-residencia-veraneio.html
https://www.citibank.com.br/financiamentos/credito_imobiliario/terreno.html
https://www.citibank.com.br/financiamentos/credito_imobiliario/veraneio.html
https://www.citibank.com.br/hotsiteDDA/oquee/index.html
https://www.citibank.com.br/index.htm
https://www.citibank.com.br/index.html
https://www.citibank.com.br/investimentos/cdb/ias.html
https://www.citibank.com.br/investimentos/previdencia/citi_previdencia_kids.html
https://www.citibank.com.br/investimentos/previdencia/planos_metlife.html
https://www.citibank.com.br/investimentos/previdencia/planos_pgbl_vgbl.html
https://www.citibank.com.br/ipad/index.html
https://www.citibank.com.br/mobile
https://www.citibank.com.br/privileges
https://www.citibank.com.br/programa_de_relacionamento.html
https://www.citibank.com.br/proximopasso
https://www.citibank.com.br/salasvip/index.html
https://www.citibank.com.br/servicos/acessibilidade.html
https://www.citibank.com.br/servicos/canais_de_relacionamento.html 
https://www.citibank.com.br/servicos/Cofre_Aluguel.html 
https://www.citibank.com.br/servicos/entretenimento/informacoes_uteis.html
https://www.citibank.com.br/servicos/entretenimento/vantagens_exclusivas.html
https://www.citibank.com.br/servicos/transferencias.html
https://www.citibank.com.br/servicos/viagem.html
https://www.citibank.eco.br
https://www.citigold.com.br
https://www.citigoldprivateclient.com.br
https://www.citimobile.com.br
https://www.citipriority.com.br
https://www.citiworldprivileges.com.br
https://www.corporate.brazil.citibank.com
https://www.diners.com.br
https://www.dinersclub.com.br
https://www.dinersclub.com.br/index.htm
https://www.dinersclub.com.br/index.html
https://www.dinersclub.com.br/viagem/index.html
https://www.dinersclubbrasil.com.br
https://www.dinersnovo.com.br
https://www.investimentos/fundos_de_investimento/fundos-referenciados-di.html
