		===========================================================
		 Generate Lottery Ticket Numbers, Select game below:
		===========================================================
			 1. Mega Millions.
			 2. Texas Lotto.
			 3. Powerball.
			 4. All or Nothing.
		===========================================================


	Make your selection [1/2/3/4]: 1

	[08:42:47 AM CST Tuesday, November 28, 2017] MegaMillions [Every Tuesday and Friday at 10:12 PM CST]
	[08:42:47 AM CST Tuesday, November 28, 2017] MegaMillions [MM_NUMBER_LIMIT=70 & MEGABALL_LIMIT=25]
	[08:42:47 AM CST Tuesday, November 28, 2017] MegaMillions [34 - 32 - 52 - 26 - 8 - 20(m)]

		===========================================================
		 Generate Lottery Ticket Numbers, Select game below:
		===========================================================
			 1. Mega Millions.
			 2. Texas Lotto.
			 3. Powerball.
			 4. All or Nothing.
		===========================================================


	Make your selection [1/2/3/4]: 2

	[08:43:13 AM CST Tuesday, November 28, 2017] Lotto [Every Wednesday and Saturday at 10:12 PM CST]
	[08:43:13 AM CST Tuesday, November 28, 2017] Lotto [LT_NUMBER_LIMIT=54]
	[08:43:13 AM CST Tuesday, November 28, 2017] Lotto [27 - 26 - 28 - 1 - 17 - 50]

		===========================================================
		 Generate Lottery Ticket Numbers, Select game below:
		===========================================================
			 1. Mega Millions.
			 2. Texas Lotto.
			 3. Powerball.
			 4. All or Nothing.
		===========================================================


	Make your selection [1/2/3/4]: 3

	[08:43:29 AM CST Tuesday, November 28, 2017] Powerball [Every Wednesday and Saturday at 10:12 PM CST]
	[08:43:29 AM CST Tuesday, November 28, 2017] Powerball [PB_NUMBER_LIMIT=69 & POWERBALL_LIMIT=26]
	[08:43:29 AM CST Tuesday, November 28, 2017] Powerball [59 - 46 - 4 - 35 - 44 - 20(p)]

		===========================================================
		 Generate Lottery Ticket Numbers, Select game below:
		===========================================================
			 1. Mega Millions.
			 2. Texas Lotto.
			 3. Powerball.
			 4. All or Nothing.
		===========================================================


	Make your selection [1/2/3/4]: 4

	[08:43:45 AM CST Tuesday, November 28, 2017] All or Nothing [Every weekday and Saturday at 10:00 AM, 12:27 PM, 6:00 PM, and 10:12 PM CST]
	[08:43:45 AM CST Tuesday, November 28, 2017] All or Nothing [AON_NUMBER_LIMIT=24]
	[08:43:45 AM CST Tuesday, November 28, 2017] All or Nothing [4 - 14 - 9 - 5 - 15 - 12 - 8 - 23 - 17 - 19 - 16 - 1]
